<?xml version="1.0" encoding="UTF-8"?>
<testng-results skipped="0" failed="0" total="1" passed="1">
  <reporter-output>
  </reporter-output>
  <suite name="Default suite" duration-ms="15023" started-at="2017-09-11T11:33:27Z" finished-at="2017-09-11T11:33:42Z">
    <groups>
    </groups>
    <test name="Default test" duration-ms="15023" started-at="2017-09-11T11:33:27Z" finished-at="2017-09-11T11:33:42Z">
      <class name="com.testingApps.hybrid.test1">
        <test-method status="PASS" signature="sample()[pri:0, instance:com.testingApps.hybrid.test1@7dc36524]" name="sample" duration-ms="15009" started-at="2017-09-11T17:03:27Z" finished-at="2017-09-11T17:03:42Z">
          <reporter-output>
          </reporter-output>
        </test-method> <!-- sample -->
      </class> <!-- com.testingApps.hybrid.test1 -->
    </test> <!-- Default test -->
  </suite> <!-- Default suite -->
</testng-results>
